<?xml version="1.0" encoding="UTF-8"?>
<testsuite xmlns:xsi="http://www.w3.org/2001/XMLSchema-instance" xsi:noNamespaceSchemaLocation="https://maven.apache.org/surefire/maven-surefire-plugin/xsd/surefire-test-report.xsd" version="3.0.2" name="TestSuite" time="9.609" tests="2" errors="0" skipped="0" failures="0">
  <properties>
    <property name="java.specification.version" value="23"/>
    <property name="sun.jnu.encoding" value="UTF-8"/>
    <property name="java.class.path" value="/Users/sadhwinprasadts/Documents/JavaProject/WebApp_Testing/WebAppTesting/target/test-classes:/Users/sadhwinprasadts/Documents/JavaProject/WebApp_Testing/WebAppTesting/target/classes:/Users/sadhwinprasadts/.m2/repository/org/testng/testng/7.10.2/testng-7.10.2.jar:/Users/sadhwinprasadts/.m2/repository/org/slf4j/slf4j-api/1.7.36/slf4j-api-1.7.36.jar:/Users/sadhwinprasadts/.m2/repository/com/beust/jcommander/1.82/jcommander-1.82.jar:/Users/sadhwinprasadts/.m2/repository/org/webjars/jquery/3.7.1/jquery-3.7.1.jar:/Users/sadhwinprasadts/.m2/repository/io/rest-assured/rest-assured/5.5.0/rest-assured-5.5.0.jar:/Users/sadhwinprasadts/.m2/repository/org/apache/groovy/groovy/4.0.22/groovy-4.0.22.jar:/Users/sadhwinprasadts/.m2/repository/org/apache/groovy/groovy-xml/4.0.22/groovy-xml-4.0.22.jar:/Users/sadhwinprasadts/.m2/repository/org/apache/httpcomponents/httpclient/4.5.13/httpclient-4.5.13.jar:/Users/sadhwinprasadts/.m2/repository/org/apache/httpcomponents/httpcore/4.4.13/httpcore-4.4.13.jar:/Users/sadhwinprasadts/.m2/repository/commons-logging/commons-logging/1.2/commons-logging-1.2.jar:/Users/sadhwinprasadts/.m2/repository/commons-codec/commons-codec/1.11/commons-codec-1.11.jar:/Users/sadhwinprasadts/.m2/repository/org/apache/httpcomponents/httpmime/4.5.13/httpmime-4.5.13.jar:/Users/sadhwinprasadts/.m2/repository/org/hamcrest/hamcrest/2.2/hamcrest-2.2.jar:/Users/sadhwinprasadts/.m2/repository/org/ccil/cowan/tagsoup/tagsoup/1.2.1/tagsoup-1.2.1.jar:/Users/sadhwinprasadts/.m2/repository/io/rest-assured/json-path/5.5.0/json-path-5.5.0.jar:/Users/sadhwinprasadts/.m2/repository/org/apache/groovy/groovy-json/4.0.22/groovy-json-4.0.22.jar:/Users/sadhwinprasadts/.m2/repository/io/rest-assured/rest-assured-common/5.5.0/rest-assured-common-5.5.0.jar:/Users/sadhwinprasadts/.m2/repository/io/rest-assured/xml-path/5.5.0/xml-path-5.5.0.jar:/Users/sadhwinprasadts/.m2/repository/org/apache/commons/commons-lang3/3.11/commons-lang3-3.11.jar:/Users/sadhwinprasadts/.m2/repository/junit/junit/3.8.1/junit-3.8.1.jar:"/>
    <property name="java.vm.vendor" value="Oracle Corporation"/>
    <property name="sun.arch.data.model" value="64"/>
    <property name="java.vendor.url" value="https://java.oracle.com/"/>
    <property name="user.timezone" value="Asia/Kolkata"/>
    <property name="os.name" value="Mac OS X"/>
    <property name="java.vm.specification.version" value="23"/>
    <property name="sun.java.launcher" value="SUN_STANDARD"/>
    <property name="user.country" value="US"/>
    <property name="sun.boot.library.path" value="/Library/Java/JavaVirtualMachines/jdk-23.jdk/Contents/Home/lib"/>
    <property name="sun.java.command" value="/Users/sadhwinprasadts/Documents/JavaProject/WebApp_Testing/WebAppTesting/target/surefire/surefirebooter-20241105180712522_3.jar /Users/sadhwinprasadts/Documents/JavaProject/WebApp_Testing/WebAppTesting/target/surefire 2024-11-05T18-07-12_482-jvmRun1 surefire-20241105180712522_1tmp surefire_0-20241105180712522_2tmp"/>
    <property name="http.nonProxyHosts" value="local|*.local|169.254/16|*.169.254/16"/>
    <property name="jdk.debug" value="release"/>
    <property name="surefire.test.class.path" value="/Users/sadhwinprasadts/Documents/JavaProject/WebApp_Testing/WebAppTesting/target/test-classes:/Users/sadhwinprasadts/Documents/JavaProject/WebApp_Testing/WebAppTesting/target/classes:/Users/sadhwinprasadts/.m2/repository/org/testng/testng/7.10.2/testng-7.10.2.jar:/Users/sadhwinprasadts/.m2/repository/org/slf4j/slf4j-api/1.7.36/slf4j-api-1.7.36.jar:/Users/sadhwinprasadts/.m2/repository/com/beust/jcommander/1.82/jcommander-1.82.jar:/Users/sadhwinprasadts/.m2/repository/org/webjars/jquery/3.7.1/jquery-3.7.1.jar:/Users/sadhwinprasadts/.m2/repository/io/rest-assured/rest-assured/5.5.0/rest-assured-5.5.0.jar:/Users/sadhwinprasadts/.m2/repository/org/apache/groovy/groovy/4.0.22/groovy-4.0.22.jar:/Users/sadhwinprasadts/.m2/repository/org/apache/groovy/groovy-xml/4.0.22/groovy-xml-4.0.22.jar:/Users/sadhwinprasadts/.m2/repository/org/apache/httpcomponents/httpclient/4.5.13/httpclient-4.5.13.jar:/Users/sadhwinprasadts/.m2/repository/org/apache/httpcomponents/httpcore/4.4.13/httpcore-4.4.13.jar:/Users/sadhwinprasadts/.m2/repository/commons-logging/commons-logging/1.2/commons-logging-1.2.jar:/Users/sadhwinprasadts/.m2/repository/commons-codec/commons-codec/1.11/commons-codec-1.11.jar:/Users/sadhwinprasadts/.m2/repository/org/apache/httpcomponents/httpmime/4.5.13/httpmime-4.5.13.jar:/Users/sadhwinprasadts/.m2/repository/org/hamcrest/hamcrest/2.2/hamcrest-2.2.jar:/Users/sadhwinprasadts/.m2/repository/org/ccil/cowan/tagsoup/tagsoup/1.2.1/tagsoup-1.2.1.jar:/Users/sadhwinprasadts/.m2/repository/io/rest-assured/json-path/5.5.0/json-path-5.5.0.jar:/Users/sadhwinprasadts/.m2/repository/org/apache/groovy/groovy-json/4.0.22/groovy-json-4.0.22.jar:/Users/sadhwinprasadts/.m2/repository/io/rest-assured/rest-assured-common/5.5.0/rest-assured-common-5.5.0.jar:/Users/sadhwinprasadts/.m2/repository/io/rest-assured/xml-path/5.5.0/xml-path-5.5.0.jar:/Users/sadhwinprasadts/.m2/repository/org/apache/commons/commons-lang3/3.11/commons-lang3-3.11.jar:/Users/sadhwinprasadts/.m2/repository/junit/junit/3.8.1/junit-3.8.1.jar:"/>
    <property name="sun.cpu.endian" value="little"/>
    <property name="user.home" value="/Users/sadhwinprasadts"/>
    <property name="user.language" value="en"/>
    <property name="java.specification.vendor" value="Oracle Corporation"/>
    <property name="java.version.date" value="2024-10-15"/>
    <property name="java.home" value="/Library/Java/JavaVirtualMachines/jdk-23.jdk/Contents/Home"/>
    <property name="file.separator" value="/"/>
    <property name="basedir" value="/Users/sadhwinprasadts/Documents/JavaProject/WebApp_Testing/WebAppTesting"/>
    <property name="java.vm.compressedOopsMode" value="Zero based"/>
    <property name="line.separator" value="&#10;"/>
    <property name="java.vm.specification.vendor" value="Oracle Corporation"/>
    <property name="java.specification.name" value="Java Platform API Specification"/>
    <property name="apple.awt.application.name" value="ForkedBooter"/>
    <property name="surefire.real.class.path" value="/Users/sadhwinprasadts/Documents/JavaProject/WebApp_Testing/WebAppTesting/target/surefire/surefirebooter-20241105180712522_3.jar"/>
    <property name="sun.management.compiler" value="HotSpot 64-Bit Tiered Compilers"/>
    <property name="ftp.nonProxyHosts" value="local|*.local|169.254/16|*.169.254/16"/>
    <property name="java.runtime.version" value="23.0.1+11-39"/>
    <property name="user.name" value="sadhwinprasadts"/>
    <property name="stdout.encoding" value="UTF-8"/>
    <property name="path.separator" value=":"/>
    <property name="os.version" value="14.6.1"/>
    <property name="java.runtime.name" value="Java(TM) SE Runtime Environment"/>
    <property name="file.encoding" value="UTF-8"/>
    <property name="java.vm.name" value="Java HotSpot(TM) 64-Bit Server VM"/>
    <property name="localRepository" value="/Users/sadhwinprasadts/.m2/repository"/>
    <property name="java.vendor.url.bug" value="https://bugreport.java.com/bugreport/"/>
    <property name="java.io.tmpdir" value="/var/folders/0t/sgfbwsrs2x98tsb4f7p5xfj80000gn/T/"/>
    <property name="java.version" value="23.0.1"/>
    <property name="user.dir" value="/Users/sadhwinprasadts/Documents/JavaProject/WebApp_Testing/WebAppTesting"/>
    <property name="os.arch" value="aarch64"/>
    <property name="java.vm.specification.name" value="Java Virtual Machine Specification"/>
    <property name="native.encoding" value="UTF-8"/>
    <property name="java.library.path" value="/Users/sadhwinprasadts/Library/Java/Extensions:/Library/Java/Extensions:/Network/Library/Java/Extensions:/System/Library/Java/Extensions:/usr/lib/java:."/>
    <property name="java.vm.info" value="mixed mode, sharing"/>
    <property name="stderr.encoding" value="UTF-8"/>
    <property name="java.vendor" value="Oracle Corporation"/>
    <property name="java.vm.version" value="23.0.1+11-39"/>
    <property name="sun.io.unicode.encoding" value="UnicodeBig"/>
    <property name="socksNonProxyHosts" value="local|*.local|169.254/16|*.169.254/16"/>
    <property name="java.class.version" value="67.0"/>
  </properties>
  <testcase name="demoTest" classname="com.test.web.WebAppPages.HomePage" time="2.595">
    <system-out><![CDATA[<!DOCTYPE html>
<html>
<head>
  <meta charset="utf-8">
  <meta name="viewport" content="width=device-width, initial-scale=1">
  <link rel="shortcut icon" href="/icons/favicon-green.ico"/>
  <link rel="apple-touch-icon" href="/icons/icon-green.png"/>
  <title>client.badssl.com</title>
  <link rel="stylesheet" href="/style.css">
  <style>body { background: green; }</style>
</head>
<body>
<div id="content">
  <h1 style="font-size: 12vw;">
    client.<br>badssl.com
  </h1>
</div>

<div id="footer">
  This site requires a <a href="https://en.wikipedia.org/wiki/Transport_Layer_Security#Client-authenticated_TLS_handshake">client-authenticated</a> TLS handshake.
</div>

</body>
</html>

]]></system-out>
    <system-err><![CDATA[SLF4J: Failed to load class "org.slf4j.impl.StaticLoggerBinder".
SLF4J: Defaulting to no-operation (NOP) logger implementation
SLF4J: See http://www.slf4j.org/codes.html#StaticLoggerBinder for further details.
]]></system-err>
  </testcase>
  <testcase name="testSSLConnection" classname="com.test.web.WebAppPages.HomePage" time="1.586">
    <system-out><![CDATA[<!DOCTYPE html>
<html>
<head>
  <meta charset="utf-8">
  <meta name="viewport" content="width=device-width, initial-scale=1">
  <link rel="shortcut icon" href="/icons/favicon-green.ico"/>
  <link rel="apple-touch-icon" href="/icons/icon-green.png"/>
  <title>client.badssl.com</title>
  <link rel="stylesheet" href="/style.css">
  <style>body { background: green; }</style>
</head>
<body>
<div id="content">
  <h1 style="font-size: 12vw;">
    client.<br>badssl.com
  </h1>
</div>

<div id="footer">
  This site requires a <a href="https://en.wikipedia.org/wiki/Transport_Layer_Security#Client-authenticated_TLS_handshake">client-authenticated</a> TLS handshake.
</div>

</body>
</html>

]]></system-out>
  </testcase>
</testsuite>