<?xml version="1.0" encoding="UTF-8"?>
<!-- Generated by org.testng.reporters.JUnitReportReporter -->
<testsuite hostname="Meenas-MacBook-Air.local" failures="0" tests="2" name="com.test.web.WebAppPages.HomePage" time="5.436" errors="0" timestamp="2024-11-05T17:43:33 IST" skipped="0">
  <testcase classname="com.test.web.WebAppPages.HomePage" name="testSSLConnection" time="1.430"/>
  <testcase classname="com.test.web.WebAppPages.HomePage" name="demoTest" time="4.006"/>
</testsuite> <!-- com.test.web.WebAppPages.HomePage -->
