<?xml version="1.0" encoding="UTF-8"?>
<!-- Generated by org.testng.reporters.JUnitReportReporter -->
<testsuite hostname="Meenas-MacBook-Air.local" failures="0" tests="2" name="com.test.web.WebAppPages.HomePage" time="4.180" errors="0" timestamp="2024-11-05T18:07:22 IST" skipped="0">
  <testcase classname="com.test.web.WebAppPages.HomePage" name="demoTest" time="2.594"/>
  <testcase classname="com.test.web.WebAppPages.HomePage" name="testSSLConnection" time="1.586"/>
</testsuite> <!-- com.test.web.WebAppPages.HomePage -->
